[2025-04-02 15:18:45,015: INFO: main: welcome to my log]
[2025-04-02 15:25:24,682: INFO: main: welcome to my log]
[2025-04-07 15:19:46,481: INFO: comman: yaml file: config\config.yaml loaded successfully]
[2025-04-07 15:19:46,501: INFO: comman: yaml file: params.yaml loaded successfully]
[2025-04-07 15:19:46,503: INFO: comman: created directory at: artifacts]
[2025-04-07 15:19:46,504: INFO: comman: created directory at: artifacts/data_ingestion]
[2025-04-07 15:19:46,506: INFO: 3172177572: Downloading data from https://drive.google.com/file/d/1vlhZ5c7abUKF8xXERIw6m9Te8fW7ohw3/view?usp=sharing into file artifacts/data_ingestion/data.zip]
[2025-04-07 15:20:03,070: INFO: 3172177572: Downloaded data from https://drive.google.com/file/d/1vlhZ5c7abUKF8xXERIw6m9Te8fW7ohw3/view?usp=sharing into file artifacts/data_ingestion/data.zip]
[2025-04-08 14:38:30,722: INFO: main: >>>>>> stage Data Ingestion stage started <<<<<<]
[2025-04-08 14:38:30,724: INFO: comman: yaml file: config\config.yaml loaded successfully]
[2025-04-08 14:38:30,725: INFO: comman: yaml file: params.yaml loaded successfully]
[2025-04-08 14:38:30,725: INFO: comman: created directory at: artifacts]
[2025-04-08 14:38:30,726: INFO: comman: created directory at: artifacts/data_ingestion]
[2025-04-08 14:38:30,726: INFO: data_ingestion: Downloading data from https://drive.google.com/file/d/1vlhZ5c7abUKF8xXERIw6m9Te8fW7ohw3/view?usp=sharing into file artifacts/data_ingestion/data.zip]
[2025-04-08 14:38:42,723: INFO: data_ingestion: Downloaded data from https://drive.google.com/file/d/1vlhZ5c7abUKF8xXERIw6m9Te8fW7ohw3/view?usp=sharing into file artifacts/data_ingestion/data.zip]
[2025-04-08 14:38:43,457: INFO: main: >>>>>> stage Data Ingestion stage completed <<<<<<

x==========x]
[2025-04-08 15:32:46,691: INFO: comman: yaml file: config\config.yaml loaded successfully]
[2025-04-08 15:32:46,711: INFO: comman: yaml file: params.yaml loaded successfully]
[2025-04-08 15:32:46,714: INFO: comman: created directory at: artifacts]
[2025-04-08 15:32:46,716: INFO: comman: created directory at: artifacts/prepare_base_model]
[2025-04-08 15:32:47,542: WARNING: saving_api: You are saving your model as an HDF5 file via `model.save()` or `keras.saving.save_model(model)`. This file format is considered legacy. We recommend using instead the native Keras format, e.g. `model.save('my_model.keras')` or `keras.saving.save_model(model, 'my_model.keras')`. ]
[2025-04-08 15:32:47,943: WARNING: saving_api: You are saving your model as an HDF5 file via `model.save()` or `keras.saving.save_model(model)`. This file format is considered legacy. We recommend using instead the native Keras format, e.g. `model.save('my_model.keras')` or `keras.saving.save_model(model, 'my_model.keras')`. ]
[2025-04-08 16:03:43,848: INFO: main: >>>>>> stage Data Ingestion stage started <<<<<<]
[2025-04-08 16:03:43,852: INFO: comman: yaml file: config\config.yaml loaded successfully]
[2025-04-08 16:03:43,862: INFO: comman: yaml file: params.yaml loaded successfully]
[2025-04-08 16:03:43,864: INFO: comman: created directory at: artifacts]
[2025-04-08 16:03:43,865: INFO: comman: created directory at: artifacts/data_ingestion]
[2025-04-08 16:03:43,866: INFO: data_ingestion: Downloading data from https://drive.google.com/file/d/1vlhZ5c7abUKF8xXERIw6m9Te8fW7ohw3/view?usp=sharing into file artifacts/data_ingestion/data.zip]
[2025-04-08 16:03:54,306: INFO: data_ingestion: Downloaded data from https://drive.google.com/file/d/1vlhZ5c7abUKF8xXERIw6m9Te8fW7ohw3/view?usp=sharing into file artifacts/data_ingestion/data.zip]
[2025-04-08 16:03:55,090: INFO: main: >>>>>> stage Data Ingestion stage completed <<<<<<

x==========x]
[2025-04-08 16:03:55,090: INFO: main: *******************]
[2025-04-08 16:03:55,090: INFO: main: >>>>>> stage Prepare base model started <<<<<<]
[2025-04-08 16:03:55,093: INFO: comman: yaml file: config\config.yaml loaded successfully]
[2025-04-08 16:03:55,095: INFO: comman: yaml file: params.yaml loaded successfully]
[2025-04-08 16:03:55,095: INFO: comman: created directory at: artifacts]
[2025-04-08 16:03:55,095: INFO: comman: created directory at: artifacts/prepare_base_model]
[2025-04-08 16:03:55,565: WARNING: saving_api: You are saving your model as an HDF5 file via `model.save()` or `keras.saving.save_model(model)`. This file format is considered legacy. We recommend using instead the native Keras format, e.g. `model.save('my_model.keras')` or `keras.saving.save_model(model, 'my_model.keras')`. ]
[2025-04-08 16:03:55,902: WARNING: saving_api: You are saving your model as an HDF5 file via `model.save()` or `keras.saving.save_model(model)`. This file format is considered legacy. We recommend using instead the native Keras format, e.g. `model.save('my_model.keras')` or `keras.saving.save_model(model, 'my_model.keras')`. ]
[2025-04-08 16:03:56,067: INFO: main: >>>>>> stage Prepare base model completed <<<<<<

x==========x]
[2025-04-09 14:28:04,039: INFO: comman: yaml file: config\config.yaml loaded successfully]
[2025-04-09 14:28:04,054: INFO: comman: yaml file: params.yaml loaded successfully]
[2025-04-09 14:28:04,065: INFO: comman: created directory at: artifacts]
[2025-04-09 14:28:04,069: INFO: comman: created directory at: artifacts\training]
[2025-04-09 14:28:04,793: WARNING: saving_utils: Compiled the loaded model, but the compiled metrics have yet to be built. `model.compile_metrics` will be empty until you train or evaluate the model.]
[2025-04-09 14:30:13,291: INFO: comman: yaml file: config\config.yaml loaded successfully]
[2025-04-09 14:30:13,295: INFO: comman: yaml file: params.yaml loaded successfully]
[2025-04-09 14:30:13,296: INFO: comman: created directory at: artifacts]
[2025-04-09 14:30:13,298: INFO: comman: created directory at: artifacts\training]
[2025-04-09 14:30:13,625: WARNING: saving_utils: Compiled the loaded model, but the compiled metrics have yet to be built. `model.compile_metrics` will be empty until you train or evaluate the model.]
[2025-04-09 14:31:04,231: INFO: comman: yaml file: config\config.yaml loaded successfully]
[2025-04-09 14:31:04,238: INFO: comman: yaml file: params.yaml loaded successfully]
[2025-04-09 14:31:04,240: INFO: comman: created directory at: artifacts]
[2025-04-09 14:31:04,243: INFO: comman: created directory at: artifacts\training]
[2025-04-09 14:31:04,801: WARNING: saving_utils: Compiled the loaded model, but the compiled metrics have yet to be built. `model.compile_metrics` will be empty until you train or evaluate the model.]
[2025-04-09 14:32:42,938: INFO: comman: yaml file: config\config.yaml loaded successfully]
[2025-04-09 14:32:42,946: INFO: comman: yaml file: params.yaml loaded successfully]
[2025-04-09 14:32:42,950: INFO: comman: created directory at: artifacts]
[2025-04-09 14:32:42,953: INFO: comman: created directory at: artifacts\training]
[2025-04-09 14:32:43,549: WARNING: saving_utils: Compiled the loaded model, but the compiled metrics have yet to be built. `model.compile_metrics` will be empty until you train or evaluate the model.]
[2025-04-09 14:41:27,702: WARNING: saving_api: You are saving your model as an HDF5 file via `model.save()` or `keras.saving.save_model(model)`. This file format is considered legacy. We recommend using instead the native Keras format, e.g. `model.save('my_model.keras')` or `keras.saving.save_model(model, 'my_model.keras')`. ]
[2025-04-09 15:02:03,436: INFO: main: >>>>>> stage Data Ingestion stage started <<<<<<]
[2025-04-09 15:02:03,440: INFO: comman: yaml file: config\config.yaml loaded successfully]
[2025-04-09 15:02:03,441: INFO: comman: yaml file: params.yaml loaded successfully]
[2025-04-09 15:02:03,442: INFO: comman: created directory at: artifacts]
[2025-04-09 15:02:03,443: INFO: comman: created directory at: artifacts/data_ingestion]
[2025-04-09 15:02:03,444: INFO: data_ingestion: Downloading data from https://drive.google.com/file/d/1vlhZ5c7abUKF8xXERIw6m9Te8fW7ohw3/view?usp=sharing into file artifacts/data_ingestion/data.zip]
[2025-04-09 15:02:15,665: INFO: data_ingestion: Downloaded data from https://drive.google.com/file/d/1vlhZ5c7abUKF8xXERIw6m9Te8fW7ohw3/view?usp=sharing into file artifacts/data_ingestion/data.zip]
[2025-04-09 15:02:16,467: INFO: main: >>>>>> stage Data Ingestion stage completed <<<<<<

x==========x]
[2025-04-09 15:02:16,468: INFO: main: *******************]
[2025-04-09 15:02:16,468: INFO: main: >>>>>> stage Prepare base model started <<<<<<]
[2025-04-09 15:02:16,470: INFO: comman: yaml file: config\config.yaml loaded successfully]
[2025-04-09 15:02:16,472: INFO: comman: yaml file: params.yaml loaded successfully]
[2025-04-09 15:02:16,474: INFO: comman: created directory at: artifacts]
[2025-04-09 15:02:16,475: INFO: comman: created directory at: artifacts/prepare_base_model]
[2025-04-09 15:02:17,012: WARNING: saving_api: You are saving your model as an HDF5 file via `model.save()` or `keras.saving.save_model(model)`. This file format is considered legacy. We recommend using instead the native Keras format, e.g. `model.save('my_model.keras')` or `keras.saving.save_model(model, 'my_model.keras')`. ]
[2025-04-09 15:02:17,254: WARNING: saving_api: You are saving your model as an HDF5 file via `model.save()` or `keras.saving.save_model(model)`. This file format is considered legacy. We recommend using instead the native Keras format, e.g. `model.save('my_model.keras')` or `keras.saving.save_model(model, 'my_model.keras')`. ]
[2025-04-09 15:02:17,411: INFO: main: >>>>>> stage Prepare base model completed <<<<<<

x==========x]
[2025-04-09 15:02:17,411: INFO: main: *******************]
[2025-04-09 15:02:17,412: INFO: main: >>>>>> stage Training started <<<<<<]
[2025-04-09 15:02:17,415: INFO: comman: yaml file: config\config.yaml loaded successfully]
[2025-04-09 15:02:17,419: INFO: comman: yaml file: params.yaml loaded successfully]
[2025-04-09 15:02:17,420: INFO: comman: created directory at: artifacts]
[2025-04-09 15:02:17,420: INFO: comman: created directory at: artifacts\training]
[2025-04-09 15:02:17,818: WARNING: saving_utils: Compiled the loaded model, but the compiled metrics have yet to be built. `model.compile_metrics` will be empty until you train or evaluate the model.]
[2025-04-09 15:03:56,677: WARNING: saving_api: You are saving your model as an HDF5 file via `model.save()` or `keras.saving.save_model(model)`. This file format is considered legacy. We recommend using instead the native Keras format, e.g. `model.save('my_model.keras')` or `keras.saving.save_model(model, 'my_model.keras')`. ]
[2025-04-09 15:03:56,840: INFO: main: >>>>>> stage Training completed <<<<<<

x==========x]
[2025-04-14 15:15:08,476: INFO: main: >>>>>> stage Data Ingestion stage started <<<<<<]
[2025-04-14 15:15:08,501: INFO: comman: yaml file: config\config.yaml loaded successfully]
[2025-04-14 15:15:08,520: INFO: comman: yaml file: params.yaml loaded successfully]
[2025-04-14 15:15:08,522: INFO: comman: created directory at: artifacts]
[2025-04-14 15:15:08,524: INFO: comman: created directory at: artifacts/data_ingestion]
[2025-04-14 15:15:08,525: INFO: data_ingestion: Downloading data from https://drive.google.com/file/d/1vlhZ5c7abUKF8xXERIw6m9Te8fW7ohw3/view?usp=sharing into file artifacts/data_ingestion/data.zip]
[2025-04-14 15:15:19,465: INFO: data_ingestion: Downloaded data from https://drive.google.com/file/d/1vlhZ5c7abUKF8xXERIw6m9Te8fW7ohw3/view?usp=sharing into file artifacts/data_ingestion/data.zip]
[2025-04-14 15:15:20,292: INFO: main: >>>>>> stage Data Ingestion stage completed <<<<<<

x==========x]
[2025-04-14 15:15:20,292: INFO: main: *******************]
[2025-04-14 15:15:20,293: INFO: main: >>>>>> stage Prepare base model started <<<<<<]
[2025-04-14 15:15:20,295: INFO: comman: yaml file: config\config.yaml loaded successfully]
[2025-04-14 15:15:20,297: INFO: comman: yaml file: params.yaml loaded successfully]
[2025-04-14 15:15:20,298: INFO: comman: created directory at: artifacts]
[2025-04-14 15:15:20,299: INFO: comman: created directory at: artifacts/prepare_base_model]
[2025-04-14 15:15:20,903: WARNING: saving_api: You are saving your model as an HDF5 file via `model.save()` or `keras.saving.save_model(model)`. This file format is considered legacy. We recommend using instead the native Keras format, e.g. `model.save('my_model.keras')` or `keras.saving.save_model(model, 'my_model.keras')`. ]
[2025-04-14 15:15:21,175: WARNING: saving_api: You are saving your model as an HDF5 file via `model.save()` or `keras.saving.save_model(model)`. This file format is considered legacy. We recommend using instead the native Keras format, e.g. `model.save('my_model.keras')` or `keras.saving.save_model(model, 'my_model.keras')`. ]
[2025-04-14 15:15:21,340: INFO: main: >>>>>> stage Prepare base model completed <<<<<<

x==========x]
[2025-04-14 15:15:21,341: INFO: main: *******************]
[2025-04-14 15:15:21,341: INFO: main: >>>>>> stage Training started <<<<<<]
[2025-04-14 15:15:21,344: INFO: comman: yaml file: config\config.yaml loaded successfully]
[2025-04-14 15:15:21,347: INFO: comman: yaml file: params.yaml loaded successfully]
[2025-04-14 15:15:21,349: INFO: comman: created directory at: artifacts]
[2025-04-14 15:15:21,355: INFO: comman: created directory at: artifacts\training]
[2025-04-14 15:15:21,653: WARNING: saving_utils: Compiled the loaded model, but the compiled metrics have yet to be built. `model.compile_metrics` will be empty until you train or evaluate the model.]
[2025-04-14 15:17:16,312: WARNING: saving_api: You are saving your model as an HDF5 file via `model.save()` or `keras.saving.save_model(model)`. This file format is considered legacy. We recommend using instead the native Keras format, e.g. `model.save('my_model.keras')` or `keras.saving.save_model(model, 'my_model.keras')`. ]
[2025-04-14 15:17:16,459: INFO: main: >>>>>> stage Training completed <<<<<<

x==========x]
[2025-04-14 15:17:16,460: INFO: main: *******************]
[2025-04-14 15:17:16,460: INFO: main: >>>>>> stage Evaluation stage started <<<<<<]
[2025-04-14 15:17:16,463: INFO: comman: yaml file: config\config.yaml loaded successfully]
[2025-04-14 15:17:16,470: INFO: comman: yaml file: params.yaml loaded successfully]
[2025-04-14 15:17:16,472: INFO: comman: created directory at: artifacts]
[2025-04-14 15:17:16,781: WARNING: saving_utils: Compiled the loaded model, but the compiled metrics have yet to be built. `model.compile_metrics` will be empty until you train or evaluate the model.]
[2025-04-14 15:17:55,044: INFO: comman: json file saved at: scores.json]
[2025-04-14 15:17:55,045: INFO: comman: json file saved at: scores.json]
[2025-04-14 15:18:15,752: INFO: main: >>>>>> stage Evaluation stage completed <<<<<<

x==========x]
[2025-04-14 15:33:50,892: INFO: main: >>>>>> stage Data Ingestion stage started <<<<<<]
[2025-04-14 15:33:50,895: INFO: comman: yaml file: config\config.yaml loaded successfully]
[2025-04-14 15:33:50,896: INFO: comman: yaml file: params.yaml loaded successfully]
[2025-04-14 15:33:50,897: INFO: comman: created directory at: artifacts]
[2025-04-14 15:33:50,897: INFO: comman: created directory at: artifacts/data_ingestion]
[2025-04-14 15:33:50,898: INFO: data_ingestion: Downloading data from https://drive.google.com/file/d/1vlhZ5c7abUKF8xXERIw6m9Te8fW7ohw3/view?usp=sharing into file artifacts/data_ingestion/data.zip]
[2025-04-14 15:34:20,219: INFO: data_ingestion: Downloaded data from https://drive.google.com/file/d/1vlhZ5c7abUKF8xXERIw6m9Te8fW7ohw3/view?usp=sharing into file artifacts/data_ingestion/data.zip]
[2025-04-14 15:34:20,983: INFO: main: >>>>>> stage Data Ingestion stage completed <<<<<<

x==========x]
[2025-04-14 15:34:20,983: INFO: main: *******************]
[2025-04-14 15:34:20,983: INFO: main: >>>>>> stage Prepare base model started <<<<<<]
[2025-04-14 15:34:20,985: INFO: comman: yaml file: config\config.yaml loaded successfully]
[2025-04-14 15:34:20,987: INFO: comman: yaml file: params.yaml loaded successfully]
[2025-04-14 15:34:20,988: INFO: comman: created directory at: artifacts]
[2025-04-14 15:34:20,988: INFO: comman: created directory at: artifacts/prepare_base_model]
[2025-04-14 15:34:21,531: WARNING: saving_api: You are saving your model as an HDF5 file via `model.save()` or `keras.saving.save_model(model)`. This file format is considered legacy. We recommend using instead the native Keras format, e.g. `model.save('my_model.keras')` or `keras.saving.save_model(model, 'my_model.keras')`. ]
[2025-04-14 15:34:21,747: WARNING: saving_api: You are saving your model as an HDF5 file via `model.save()` or `keras.saving.save_model(model)`. This file format is considered legacy. We recommend using instead the native Keras format, e.g. `model.save('my_model.keras')` or `keras.saving.save_model(model, 'my_model.keras')`. ]
[2025-04-14 15:34:21,902: INFO: main: >>>>>> stage Prepare base model completed <<<<<<

x==========x]
[2025-04-14 15:34:21,902: INFO: main: *******************]
[2025-04-14 15:34:21,903: INFO: main: >>>>>> stage Training started <<<<<<]
[2025-04-14 15:34:21,906: INFO: comman: yaml file: config\config.yaml loaded successfully]
[2025-04-14 15:34:21,910: INFO: comman: yaml file: params.yaml loaded successfully]
[2025-04-14 15:34:21,911: INFO: comman: created directory at: artifacts]
[2025-04-14 15:34:21,912: INFO: comman: created directory at: artifacts\training]
[2025-04-14 15:34:22,234: WARNING: saving_utils: Compiled the loaded model, but the compiled metrics have yet to be built. `model.compile_metrics` will be empty until you train or evaluate the model.]
[2025-04-14 15:35:58,078: WARNING: saving_api: You are saving your model as an HDF5 file via `model.save()` or `keras.saving.save_model(model)`. This file format is considered legacy. We recommend using instead the native Keras format, e.g. `model.save('my_model.keras')` or `keras.saving.save_model(model, 'my_model.keras')`. ]
[2025-04-14 15:35:58,233: INFO: main: >>>>>> stage Training completed <<<<<<

x==========x]
[2025-04-14 15:35:58,234: INFO: main: *******************]
[2025-04-14 15:35:58,235: INFO: main: >>>>>> stage Evaluation stage started <<<<<<]
[2025-04-14 15:35:58,237: INFO: comman: yaml file: config\config.yaml loaded successfully]
[2025-04-14 15:35:58,240: INFO: comman: yaml file: params.yaml loaded successfully]
[2025-04-14 15:35:58,241: INFO: comman: created directory at: artifacts]
[2025-04-14 15:35:58,589: WARNING: saving_utils: Compiled the loaded model, but the compiled metrics have yet to be built. `model.compile_metrics` will be empty until you train or evaluate the model.]
[2025-04-14 15:36:30,711: INFO: comman: json file saved at: scores.json]
[2025-04-14 15:36:30,713: INFO: comman: json file saved at: scores.json]
[2025-04-14 15:37:39,656: INFO: main: >>>>>> stage Evaluation stage completed <<<<<<

x==========x]
[2025-04-14 15:46:45,680: INFO: main: >>>>>> stage Data Ingestion stage started <<<<<<]
[2025-04-14 15:46:45,682: INFO: comman: yaml file: config\config.yaml loaded successfully]
[2025-04-14 15:46:45,692: INFO: comman: yaml file: params.yaml loaded successfully]
[2025-04-14 15:46:45,693: INFO: comman: created directory at: artifacts]
[2025-04-14 15:46:45,693: INFO: comman: created directory at: artifacts/data_ingestion]
[2025-04-14 15:46:45,694: INFO: data_ingestion: Downloading data from https://drive.google.com/file/d/1vlhZ5c7abUKF8xXERIw6m9Te8fW7ohw3/view?usp=sharing into file artifacts/data_ingestion/data.zip]
[2025-04-14 15:46:55,726: INFO: data_ingestion: Downloaded data from https://drive.google.com/file/d/1vlhZ5c7abUKF8xXERIw6m9Te8fW7ohw3/view?usp=sharing into file artifacts/data_ingestion/data.zip]
[2025-04-14 15:46:56,437: INFO: main: >>>>>> stage Data Ingestion stage completed <<<<<<

x==========x]
[2025-04-14 15:46:56,437: INFO: main: *******************]
[2025-04-14 15:46:56,438: INFO: main: >>>>>> stage Prepare base model started <<<<<<]
[2025-04-14 15:46:56,440: INFO: comman: yaml file: config\config.yaml loaded successfully]
[2025-04-14 15:46:56,442: INFO: comman: yaml file: params.yaml loaded successfully]
[2025-04-14 15:46:56,442: INFO: comman: created directory at: artifacts]
[2025-04-14 15:46:56,443: INFO: comman: created directory at: artifacts/prepare_base_model]
[2025-04-14 15:46:56,975: WARNING: saving_api: You are saving your model as an HDF5 file via `model.save()` or `keras.saving.save_model(model)`. This file format is considered legacy. We recommend using instead the native Keras format, e.g. `model.save('my_model.keras')` or `keras.saving.save_model(model, 'my_model.keras')`. ]
[2025-04-14 15:46:57,146: WARNING: saving_api: You are saving your model as an HDF5 file via `model.save()` or `keras.saving.save_model(model)`. This file format is considered legacy. We recommend using instead the native Keras format, e.g. `model.save('my_model.keras')` or `keras.saving.save_model(model, 'my_model.keras')`. ]
[2025-04-14 15:46:57,273: INFO: main: >>>>>> stage Prepare base model completed <<<<<<

x==========x]
[2025-04-14 15:46:57,273: INFO: main: *******************]
[2025-04-14 15:46:57,273: INFO: main: >>>>>> stage Training started <<<<<<]
[2025-04-14 15:46:57,275: INFO: comman: yaml file: config\config.yaml loaded successfully]
[2025-04-14 15:46:57,277: INFO: comman: yaml file: params.yaml loaded successfully]
[2025-04-14 15:46:57,277: INFO: comman: created directory at: artifacts]
[2025-04-14 15:46:57,277: INFO: comman: created directory at: artifacts\training]
[2025-04-14 15:46:57,497: WARNING: saving_utils: Compiled the loaded model, but the compiled metrics have yet to be built. `model.compile_metrics` will be empty until you train or evaluate the model.]
[2025-04-14 15:49:04,024: WARNING: saving_api: You are saving your model as an HDF5 file via `model.save()` or `keras.saving.save_model(model)`. This file format is considered legacy. We recommend using instead the native Keras format, e.g. `model.save('my_model.keras')` or `keras.saving.save_model(model, 'my_model.keras')`. ]
[2025-04-14 15:49:04,191: INFO: main: >>>>>> stage Training completed <<<<<<

x==========x]
[2025-04-14 15:49:04,192: INFO: main: *******************]
[2025-04-14 15:49:04,192: INFO: main: >>>>>> stage Evaluation stage started <<<<<<]
[2025-04-14 15:49:04,197: INFO: comman: yaml file: config\config.yaml loaded successfully]
[2025-04-14 15:49:04,200: INFO: comman: yaml file: params.yaml loaded successfully]
[2025-04-14 15:49:04,201: INFO: comman: created directory at: artifacts]
[2025-04-14 15:49:04,501: WARNING: saving_utils: Compiled the loaded model, but the compiled metrics have yet to be built. `model.compile_metrics` will be empty until you train or evaluate the model.]
[2025-04-14 15:49:41,143: INFO: comman: json file saved at: scores.json]
[2025-04-14 15:49:41,144: INFO: comman: json file saved at: scores.json]
[2025-04-14 15:50:15,923: INFO: main: >>>>>> stage Evaluation stage completed <<<<<<

x==========x]
[2025-04-15 14:38:25,667: INFO: stage_01_data_ingestion: >>>>>> stage Data Ingestion stage started <<<<<<]
[2025-04-15 14:38:25,669: INFO: comman: yaml file: config\config.yaml loaded successfully]
[2025-04-15 14:38:25,674: INFO: comman: yaml file: params.yaml loaded successfully]
[2025-04-15 14:38:25,676: INFO: comman: created directory at: artifacts]
[2025-04-15 14:38:25,677: INFO: comman: created directory at: artifacts/data_ingestion]
[2025-04-15 14:38:25,678: INFO: data_ingestion: Downloading data from https://drive.google.com/file/d/1vlhZ5c7abUKF8xXERIw6m9Te8fW7ohw3/view?usp=sharing into file artifacts/data_ingestion/data.zip]
[2025-04-15 14:38:42,844: INFO: data_ingestion: Downloaded data from https://drive.google.com/file/d/1vlhZ5c7abUKF8xXERIw6m9Te8fW7ohw3/view?usp=sharing into file artifacts/data_ingestion/data.zip]
[2025-04-15 14:38:43,621: INFO: stage_01_data_ingestion: >>>>>> stage Data Ingestion stage completed <<<<<<

x==========x]
[2025-04-15 14:43:46,586: INFO: stage_01_data_ingestion: >>>>>> stage Data Ingestion stage started <<<<<<]
[2025-04-15 14:43:46,589: INFO: comman: yaml file: config\config.yaml loaded successfully]
[2025-04-15 14:43:46,592: INFO: comman: yaml file: params.yaml loaded successfully]
[2025-04-15 14:43:46,593: INFO: comman: created directory at: artifacts]
[2025-04-15 14:43:46,593: INFO: comman: created directory at: artifacts/data_ingestion]
[2025-04-15 14:43:46,594: INFO: data_ingestion: Downloading data from https://drive.google.com/file/d/1vlhZ5c7abUKF8xXERIw6m9Te8fW7ohw3/view?usp=sharing into file artifacts/data_ingestion/data.zip]
[2025-04-15 14:43:58,718: INFO: data_ingestion: Downloaded data from https://drive.google.com/file/d/1vlhZ5c7abUKF8xXERIw6m9Te8fW7ohw3/view?usp=sharing into file artifacts/data_ingestion/data.zip]
[2025-04-15 14:43:59,473: INFO: stage_01_data_ingestion: >>>>>> stage Data Ingestion stage completed <<<<<<

x==========x]
[2025-04-15 14:47:37,374: INFO: stage_02_prepare_base_model: *******************]
[2025-04-15 14:47:37,374: INFO: stage_02_prepare_base_model: >>>>>> stage Prepare base model started <<<<<<]
[2025-04-15 14:47:37,378: INFO: comman: yaml file: config\config.yaml loaded successfully]
[2025-04-15 14:47:37,380: INFO: comman: yaml file: params.yaml loaded successfully]
[2025-04-15 14:47:37,381: INFO: comman: created directory at: artifacts]
[2025-04-15 14:47:37,382: INFO: comman: created directory at: artifacts/prepare_base_model]
[2025-04-15 14:47:38,376: WARNING: saving_api: You are saving your model as an HDF5 file via `model.save()` or `keras.saving.save_model(model)`. This file format is considered legacy. We recommend using instead the native Keras format, e.g. `model.save('my_model.keras')` or `keras.saving.save_model(model, 'my_model.keras')`. ]
[2025-04-15 14:47:38,723: WARNING: saving_api: You are saving your model as an HDF5 file via `model.save()` or `keras.saving.save_model(model)`. This file format is considered legacy. We recommend using instead the native Keras format, e.g. `model.save('my_model.keras')` or `keras.saving.save_model(model, 'my_model.keras')`. ]
[2025-04-15 14:47:38,866: INFO: stage_02_prepare_base_model: >>>>>> stage Prepare base model completed <<<<<<

x==========x]
[2025-04-15 14:50:06,932: INFO: stage_02_prepare_base_model: *******************]
[2025-04-15 14:50:06,933: INFO: stage_02_prepare_base_model: >>>>>> stage Prepare base model started <<<<<<]
[2025-04-15 14:50:06,935: INFO: comman: yaml file: config\config.yaml loaded successfully]
[2025-04-15 14:50:06,937: INFO: comman: yaml file: params.yaml loaded successfully]
[2025-04-15 14:50:06,939: INFO: comman: created directory at: artifacts]
[2025-04-15 14:50:06,939: INFO: comman: created directory at: artifacts/prepare_base_model]
[2025-04-15 14:50:07,409: WARNING: saving_api: You are saving your model as an HDF5 file via `model.save()` or `keras.saving.save_model(model)`. This file format is considered legacy. We recommend using instead the native Keras format, e.g. `model.save('my_model.keras')` or `keras.saving.save_model(model, 'my_model.keras')`. ]
[2025-04-15 14:50:07,639: WARNING: saving_api: You are saving your model as an HDF5 file via `model.save()` or `keras.saving.save_model(model)`. This file format is considered legacy. We recommend using instead the native Keras format, e.g. `model.save('my_model.keras')` or `keras.saving.save_model(model, 'my_model.keras')`. ]
[2025-04-15 14:50:07,807: INFO: stage_02_prepare_base_model: >>>>>> stage Prepare base model completed <<<<<<

x==========x]
[2025-04-15 14:50:19,168: INFO: stage_03_model_training: *******************]
[2025-04-15 14:50:19,168: INFO: stage_03_model_training: >>>>>> stage Training started <<<<<<]
[2025-04-15 14:50:19,171: INFO: comman: yaml file: config\config.yaml loaded successfully]
[2025-04-15 14:50:19,178: INFO: comman: yaml file: params.yaml loaded successfully]
[2025-04-15 14:50:19,179: INFO: comman: created directory at: artifacts]
[2025-04-15 14:50:19,181: INFO: comman: created directory at: artifacts\training]
[2025-04-15 14:50:19,639: WARNING: saving_utils: Compiled the loaded model, but the compiled metrics have yet to be built. `model.compile_metrics` will be empty until you train or evaluate the model.]
[2025-04-15 14:52:18,587: WARNING: saving_api: You are saving your model as an HDF5 file via `model.save()` or `keras.saving.save_model(model)`. This file format is considered legacy. We recommend using instead the native Keras format, e.g. `model.save('my_model.keras')` or `keras.saving.save_model(model, 'my_model.keras')`. ]
[2025-04-15 14:52:18,854: INFO: stage_03_model_training: >>>>>> stage Training completed <<<<<<

x==========x]
[2025-04-15 14:53:22,516: INFO: stage_03_model_training: *******************]
[2025-04-15 14:53:22,517: INFO: stage_03_model_training: >>>>>> stage Training started <<<<<<]
[2025-04-15 14:53:22,519: INFO: comman: yaml file: config\config.yaml loaded successfully]
[2025-04-15 14:53:22,521: INFO: comman: yaml file: params.yaml loaded successfully]
[2025-04-15 14:53:22,522: INFO: comman: created directory at: artifacts]
[2025-04-15 14:53:22,522: INFO: comman: created directory at: artifacts\training]
[2025-04-15 14:53:22,915: WARNING: saving_utils: Compiled the loaded model, but the compiled metrics have yet to be built. `model.compile_metrics` will be empty until you train or evaluate the model.]
[2025-04-15 14:55:17,277: WARNING: saving_api: You are saving your model as an HDF5 file via `model.save()` or `keras.saving.save_model(model)`. This file format is considered legacy. We recommend using instead the native Keras format, e.g. `model.save('my_model.keras')` or `keras.saving.save_model(model, 'my_model.keras')`. ]
[2025-04-15 14:55:17,507: INFO: stage_03_model_training: >>>>>> stage Training completed <<<<<<

x==========x]
[2025-04-15 14:55:32,969: INFO: stage_04_model_eval: *******************]
[2025-04-15 14:55:32,970: INFO: stage_04_model_eval: >>>>>> stage Evaluation stage started <<<<<<]
[2025-04-15 14:55:32,972: INFO: comman: yaml file: config\config.yaml loaded successfully]
[2025-04-15 14:55:32,974: INFO: comman: yaml file: params.yaml loaded successfully]
[2025-04-15 14:55:32,975: INFO: comman: created directory at: artifacts]
[2025-04-15 14:55:33,428: WARNING: saving_utils: Compiled the loaded model, but the compiled metrics have yet to be built. `model.compile_metrics` will be empty until you train or evaluate the model.]
[2025-04-15 14:56:07,849: INFO: comman: json file saved at: scores.json]
[2025-04-15 14:56:07,851: INFO: comman: json file saved at: scores.json]
[2025-04-15 14:56:49,790: INFO: stage_04_model_eval: >>>>>> stage Evaluation stage completed <<<<<<

x==========x]
[2025-04-15 15:18:49,329: INFO: _internal: [31m[1mWARNING: This is a development server. Do not use it in a production deployment. Use a production WSGI server instead.[0m
 * Running on http://127.0.0.1:5000]
[2025-04-15 15:18:49,329: INFO: _internal: [33mPress CTRL+C to quit[0m]
[2025-04-15 15:18:49,334: INFO: _internal:  * Restarting with stat]
[2025-04-15 15:18:58,411: WARNING: _internal:  * Debugger is active!]
[2025-04-15 15:18:58,418: INFO: _internal:  * Debugger PIN: 644-876-964]
[2025-04-15 15:19:20,091: INFO: _internal: 127.0.0.1 - - [15/Apr/2025 15:19:20] "GET / HTTP/1.1" 200 -]
[2025-04-15 15:20:36,895: WARNING: saving_utils: Compiled the loaded model, but the compiled metrics have yet to be built. `model.compile_metrics` will be empty until you train or evaluate the model.]
[2025-04-15 15:20:38,659: INFO: _internal: 127.0.0.1 - - [15/Apr/2025 15:20:38] "POST /predict HTTP/1.1" 200 -]
[2025-04-15 15:21:39,300: WARNING: saving_utils: Compiled the loaded model, but the compiled metrics have yet to be built. `model.compile_metrics` will be empty until you train or evaluate the model.]
[2025-04-15 15:21:40,852: INFO: _internal: 127.0.0.1 - - [15/Apr/2025 15:21:40] "POST /predict HTTP/1.1" 200 -]
[2025-04-15 15:21:58,950: WARNING: saving_utils: Compiled the loaded model, but the compiled metrics have yet to be built. `model.compile_metrics` will be empty until you train or evaluate the model.]
[2025-04-15 15:22:00,347: INFO: _internal: 127.0.0.1 - - [15/Apr/2025 15:22:00] "POST /predict HTTP/1.1" 200 -]
[2025-04-15 15:22:11,687: WARNING: saving_utils: Compiled the loaded model, but the compiled metrics have yet to be built. `model.compile_metrics` will be empty until you train or evaluate the model.]
[2025-04-15 15:22:13,107: INFO: _internal: 127.0.0.1 - - [15/Apr/2025 15:22:13] "POST /predict HTTP/1.1" 200 -]
[2025-04-15 15:22:27,929: WARNING: saving_utils: Compiled the loaded model, but the compiled metrics have yet to be built. `model.compile_metrics` will be empty until you train or evaluate the model.]
[2025-04-15 15:22:29,429: WARNING: polymorphic_function: 5 out of the last 5 calls to <function TensorFlowTrainer.make_predict_function.<locals>.one_step_on_data_distributed at 0x0000020F35624540> triggered tf.function retracing. Tracing is expensive and the excessive number of tracings could be due to (1) creating @tf.function repeatedly in a loop, (2) passing tensors with different shapes, (3) passing Python objects instead of tensors. For (1), please define your @tf.function outside of the loop. For (2), @tf.function has reduce_retracing=True option that can avoid unnecessary retracing. For (3), please refer to https://www.tensorflow.org/guide/function#controlling_retracing and https://www.tensorflow.org/api_docs/python/tf/function for  more details.]
[2025-04-15 15:22:29,478: INFO: _internal: 127.0.0.1 - - [15/Apr/2025 15:22:29] "POST /predict HTTP/1.1" 200 -]
[2025-04-15 15:22:40,731: WARNING: saving_utils: Compiled the loaded model, but the compiled metrics have yet to be built. `model.compile_metrics` will be empty until you train or evaluate the model.]
[2025-04-15 15:22:42,250: WARNING: polymorphic_function: 6 out of the last 6 calls to <function TensorFlowTrainer.make_predict_function.<locals>.one_step_on_data_distributed at 0x0000020F3565C9A0> triggered tf.function retracing. Tracing is expensive and the excessive number of tracings could be due to (1) creating @tf.function repeatedly in a loop, (2) passing tensors with different shapes, (3) passing Python objects instead of tensors. For (1), please define your @tf.function outside of the loop. For (2), @tf.function has reduce_retracing=True option that can avoid unnecessary retracing. For (3), please refer to https://www.tensorflow.org/guide/function#controlling_retracing and https://www.tensorflow.org/api_docs/python/tf/function for  more details.]
[2025-04-15 15:22:42,309: INFO: _internal: 127.0.0.1 - - [15/Apr/2025 15:22:42] "POST /predict HTTP/1.1" 200 -]
[2025-04-15 15:24:43,947: WARNING: saving_utils: Compiled the loaded model, but the compiled metrics have yet to be built. `model.compile_metrics` will be empty until you train or evaluate the model.]
[2025-04-15 15:24:45,327: INFO: _internal: 127.0.0.1 - - [15/Apr/2025 15:24:45] "POST /predict HTTP/1.1" 200 -]
[2025-04-15 15:25:01,971: WARNING: saving_utils: Compiled the loaded model, but the compiled metrics have yet to be built. `model.compile_metrics` will be empty until you train or evaluate the model.]
[2025-04-15 15:25:03,472: INFO: _internal: 127.0.0.1 - - [15/Apr/2025 15:25:03] "POST /predict HTTP/1.1" 200 -]
[2025-04-15 15:25:20,482: WARNING: saving_utils: Compiled the loaded model, but the compiled metrics have yet to be built. `model.compile_metrics` will be empty until you train or evaluate the model.]
[2025-04-15 15:25:21,976: INFO: _internal: 127.0.0.1 - - [15/Apr/2025 15:25:21] "POST /predict HTTP/1.1" 200 -]
[2025-04-15 15:27:00,126: INFO: _internal: [31m[1mWARNING: This is a development server. Do not use it in a production deployment. Use a production WSGI server instead.[0m
 * Running on all addresses (0.0.0.0)
 * Running on http://127.0.0.1:8080
 * Running on http://192.168.20.166:8080]
[2025-04-15 15:27:00,127: INFO: _internal: [33mPress CTRL+C to quit[0m]
[2025-04-15 15:27:30,960: INFO: _internal: 192.168.20.166 - - [15/Apr/2025 15:27:30] "GET / HTTP/1.1" 200 -]
[2025-04-15 15:27:50,130: WARNING: saving_utils: Compiled the loaded model, but the compiled metrics have yet to be built. `model.compile_metrics` will be empty until you train or evaluate the model.]
[2025-04-15 15:27:51,714: INFO: _internal: 192.168.20.166 - - [15/Apr/2025 15:27:51] "POST /predict HTTP/1.1" 200 -]
